<?xml version="1.0" encoding="UTF-8"?>
<!-- Generated by org.testng.reporters.JUnitXMLReporter -->
<testsuite hostname="HPDA0452" ignored="0" tests="4" failures="0" timestamp="27 Jun 2018 12:00:05 GMT" time="15.756" errors="0">
  <testcase name="testOpenBrowserAndOpenHris" time="5.235" classname="TestNg"/>
  <testcase name="testLoginWrongPass_LoginWrongUsr" time="2.02" classname="TestNg"/>
  <testcase name="testBlankUser_Pass" time="0.972" classname="TestNg"/>
  <testcase name="testLoginCorrectCredentials" time="7.435" classname="TestNg"/>
</testsuite>
